<?xml version="1.0" encoding="UTF-8"?>
<testsuites>
  <testsuite name="/root/PHPUNITCourse/phpunit.xml" tests="10" assertions="12" errors="0" failures="0" skipped="0" time="0.027847">
    <testsuite name="Test Suite" tests="10" assertions="12" errors="0" failures="0" skipped="0" time="0.027847">
      <testsuite name="MockTest" file="/root/PHPUNITCourse/tests/MockTest.php" tests="1" assertions="1" errors="0" failures="0" skipped="0" time="0.020778">
        <testcase name="testMock" file="/root/PHPUNITCourse/tests/MockTest.php" line="7" class="MockTest" classname="MockTest" assertions="1" time="0.020778"/>
      </testsuite>
      <testsuite name="QueueTest" file="/root/PHPUNITCourse/tests/QueueTest.php" tests="6" assertions="8" errors="0" failures="0" skipped="0" time="0.005670">
        <testcase name="testNewQueueIsEmpty" file="/root/PHPUNITCourse/tests/QueueTest.php" line="40" class="QueueTest" classname="QueueTest" assertions="1" time="0.001062"/>
        <testcase name="testAnItemIsAddedToTheQueue" file="/root/PHPUNITCourse/tests/QueueTest.php" line="49" class="QueueTest" classname="QueueTest" assertions="1" time="0.000291"/>
        <testcase name="testAnItemIsRemovedFromTheQueue" file="/root/PHPUNITCourse/tests/QueueTest.php" line="58" class="QueueTest" classname="QueueTest" assertions="2" time="0.001813"/>
        <testcase name="testAnItemIsRemovedFromTheFrontOfTheQueue" file="/root/PHPUNITCourse/tests/QueueTest.php" line="68" class="QueueTest" classname="QueueTest" assertions="1" time="0.000246"/>
        <testcase name="testMaximumNumberOfItemsCanBeAdded" file="/root/PHPUNITCourse/tests/QueueTest.php" line="78" class="QueueTest" classname="QueueTest" assertions="1" time="0.000286"/>
        <testcase name="testExceptionThrownWhenAddingAnItemToAFullQueue" file="/root/PHPUNITCourse/tests/QueueTest.php" line="87" class="QueueTest" classname="QueueTest" assertions="2" time="0.001971"/>
      </testsuite>
      <testsuite name="UserTest" file="/root/PHPUNITCourse/tests/UserTest.php" tests="3" assertions="3" errors="0" failures="0" skipped="0" time="0.001399">
        <testcase name="testReturnsFullName" file="/root/PHPUNITCourse/tests/UserTest.php" line="7" class="UserTest" classname="UserTest" assertions="1" time="0.000993"/>
        <testcase name="testFullNameIsEmptyByDefault" file="/root/PHPUNITCourse/tests/UserTest.php" line="17" class="UserTest" classname="UserTest" assertions="1" time="0.000172"/>
        <testcase name="testNotificationIsSent" file="/root/PHPUNITCourse/tests/UserTest.php" line="24" class="UserTest" classname="UserTest" assertions="1" time="0.000235"/>
      </testsuite>
    </testsuite>
  </testsuite>
</testsuites>
